<?xml version="1.0" encoding="UTF-8"?>
<testsuite xmlns:xsi="http://www.w3.org/2001/XMLSchema-instance" xsi:noNamespaceSchemaLocation="https://maven.apache.org/surefire/maven-surefire-plugin/xsd/surefire-test-report-3.0.xsd" version="3.0" name="edu.escuelaing.arep.AppTest" time="0.079" tests="5" errors="0" skipped="0" failures="0">
  <properties>
    <property name="java.specification.version" value="21"/>
    <property name="sun.cpu.isalist" value="amd64"/>
    <property name="sun.jnu.encoding" value="Cp1252"/>
    <property name="java.class.path" value="C:\Users\alexa\OneDrive\Escritorio\Microframeworks_WEB\target\test-classes;C:\Users\alexa\OneDrive\Escritorio\Microframeworks_WEB\target\classes;C:\Users\alexa\.m2\repository\junit\junit\3.8.1\junit-3.8.1.jar;C:\Users\alexa\.m2\repository\org\apache\spark\spark-mllib_2.13\3.5.2\spark-mllib_2.13-3.5.2.jar;C:\Users\alexa\.m2\repository\org\scala-lang\modules\scala-parser-combinators_2.13\2.3.0\scala-parser-combinators_2.13-2.3.0.jar;C:\Users\alexa\.m2\repository\org\apache\spark\spark-streaming_2.13\3.5.2\spark-streaming_2.13-3.5.2.jar;C:\Users\alexa\.m2\repository\org\apache\spark\spark-sql_2.13\3.5.2\spark-sql_2.13-3.5.2.jar;C:\Users\alexa\.m2\repository\org\rocksdb\rocksdbjni\8.3.2\rocksdbjni-8.3.2.jar;C:\Users\alexa\.m2\repository\com\univocity\univocity-parsers\2.9.1\univocity-parsers-2.9.1.jar;C:\Users\alexa\.m2\repository\org\apache\spark\spark-sketch_2.13\3.5.2\spark-sketch_2.13-3.5.2.jar;C:\Users\alexa\.m2\repository\org\apache\spark\spark-catalyst_2.13\3.5.2\spark-catalyst_2.13-3.5.2.jar;C:\Users\alexa\.m2\repository\org\apache\spark\spark-sql-api_2.13\3.5.2\spark-sql-api_2.13-3.5.2.jar;C:\Users\alexa\.m2\repository\org\antlr\antlr4-runtime\4.9.3\antlr4-runtime-4.9.3.jar;C:\Users\alexa\.m2\repository\org\apache\arrow\arrow-vector\12.0.1\arrow-vector-12.0.1.jar;C:\Users\alexa\.m2\repository\org\apache\arrow\arrow-format\12.0.1\arrow-format-12.0.1.jar;C:\Users\alexa\.m2\repository\org\apache\arrow\arrow-memory-core\12.0.1\arrow-memory-core-12.0.1.jar;C:\Users\alexa\.m2\repository\com\fasterxml\jackson\datatype\jackson-datatype-jsr310\2.15.1\jackson-datatype-jsr310-2.15.1.jar;C:\Users\alexa\.m2\repository\com\google\flatbuffers\flatbuffers-java\1.12.0\flatbuffers-java-1.12.0.jar;C:\Users\alexa\.m2\repository\org\apache\arrow\arrow-memory-netty\12.0.1\arrow-memory-netty-12.0.1.jar;C:\Users\alexa\.m2\repository\org\codehaus\janino\janino\3.1.9\janino-3.1.9.jar;C:\Users\alexa\.m2\repository\org\codehaus\janino\commons-compiler\3.1.9\commons-compiler-3.1.9.jar;C:\Users\alexa\.m2\repository\org\apache\datasketches\datasketches-java\3.3.0\datasketches-java-3.3.0.jar;C:\Users\alexa\.m2\repository\org\apache\datasketches\datasketches-memory\2.1.0\datasketches-memory-2.1.0.jar;C:\Users\alexa\.m2\repository\org\apache\orc\orc-core\1.9.4\orc-core-1.9.4-shaded-protobuf.jar;C:\Users\alexa\.m2\repository\org\apache\orc\orc-shims\1.9.4\orc-shims-1.9.4.jar;C:\Users\alexa\.m2\repository\io\airlift\aircompressor\0.27\aircompressor-0.27.jar;C:\Users\alexa\.m2\repository\org\jetbrains\annotations\17.0.0\annotations-17.0.0.jar;C:\Users\alexa\.m2\repository\org\threeten\threeten-extra\1.7.1\threeten-extra-1.7.1.jar;C:\Users\alexa\.m2\repository\org\apache\orc\orc-mapreduce\1.9.4\orc-mapreduce-1.9.4-shaded-protobuf.jar;C:\Users\alexa\.m2\repository\org\apache\hive\hive-storage-api\2.8.1\hive-storage-api-2.8.1.jar;C:\Users\alexa\.m2\repository\org\apache\parquet\parquet-column\1.13.1\parquet-column-1.13.1.jar;C:\Users\alexa\.m2\repository\org\apache\parquet\parquet-common\1.13.1\parquet-common-1.13.1.jar;C:\Users\alexa\.m2\repository\org\apache\parquet\parquet-encoding\1.13.1\parquet-encoding-1.13.1.jar;C:\Users\alexa\.m2\repository\org\apache\parquet\parquet-hadoop\1.13.1\parquet-hadoop-1.13.1.jar;C:\Users\alexa\.m2\repository\org\apache\parquet\parquet-format-structures\1.13.1\parquet-format-structures-1.13.1.jar;C:\Users\alexa\.m2\repository\org\apache\parquet\parquet-jackson\1.13.1\parquet-jackson-1.13.1.jar;C:\Users\alexa\.m2\repository\org\apache\spark\spark-graphx_2.13\3.5.2\spark-graphx_2.13-3.5.2.jar;C:\Users\alexa\.m2\repository\net\sourceforge\f2j\arpack_combined_all\0.1\arpack_combined_all-0.1.jar;C:\Users\alexa\.m2\repository\org\apache\spark\spark-mllib-local_2.13\3.5.2\spark-mllib-local_2.13-3.5.2.jar;C:\Users\alexa\.m2\repository\org\scala-lang\modules\scala-parallel-collections_2.13\1.0.4\scala-parallel-collections_2.13-1.0.4.jar;C:\Users\alexa\.m2\repository\org\scala-lang\modules\scala-collection-compat_2.13\2.7.0\scala-collection-compat_2.13-2.7.0.jar;C:\Users\alexa\.m2\repository\org\scalanlp\breeze_2.13\2.1.0\breeze_2.13-2.1.0.jar;C:\Users\alexa\.m2\repository\org\scalanlp\breeze-macros_2.13\2.1.0\breeze-macros_2.13-2.1.0.jar;C:\Users\alexa\.m2\repository\net\sf\opencsv\opencsv\2.3\opencsv-2.3.jar;C:\Users\alexa\.m2\repository\com\github\wendykierp\JTransforms\3.1\JTransforms-3.1.jar;C:\Users\alexa\.m2\repository\pl\edu\icm\JLargeArrays\1.5\JLargeArrays-1.5.jar;C:\Users\alexa\.m2\repository\org\slf4j\slf4j-api\1.7.5\slf4j-api-1.7.5.jar;C:\Users\alexa\.m2\repository\org\typelevel\spire_2.13\0.18.0\spire_2.13-0.18.0.jar;C:\Users\alexa\.m2\repository\org\typelevel\spire-macros_2.13\0.18.0\spire-macros_2.13-0.18.0.jar;C:\Users\alexa\.m2\repository\org\typelevel\spire-platform_2.13\0.18.0\spire-platform_2.13-0.18.0.jar;C:\Users\alexa\.m2\repository\org\typelevel\spire-util_2.13\0.18.0\spire-util_2.13-0.18.0.jar;C:\Users\alexa\.m2\repository\org\typelevel\algebra_2.13\2.8.0\algebra_2.13-2.8.0.jar;C:\Users\alexa\.m2\repository\org\typelevel\cats-kernel_2.13\2.8.0\cats-kernel_2.13-2.8.0.jar;C:\Users\alexa\.m2\repository\org\apache\commons\commons-math3\3.6.1\commons-math3-3.6.1.jar;C:\Users\alexa\.m2\repository\org\glassfish\jaxb\jaxb-runtime\2.3.2\jaxb-runtime-2.3.2.jar;C:\Users\alexa\.m2\repository\jakarta\xml\bind\jakarta.xml.bind-api\2.3.2\jakarta.xml.bind-api-2.3.2.jar;C:\Users\alexa\.m2\repository\com\sun\istack\istack-commons-runtime\3.0.8\istack-commons-runtime-3.0.8.jar;C:\Users\alexa\.m2\repository\org\apache\spark\spark-tags_2.13\3.5.2\spark-tags_2.13-3.5.2.jar;C:\Users\alexa\.m2\repository\dev\ludovic\netlib\blas\3.0.3\blas-3.0.3.jar;C:\Users\alexa\.m2\repository\dev\ludovic\netlib\lapack\3.0.3\lapack-3.0.3.jar;C:\Users\alexa\.m2\repository\dev\ludovic\netlib\arpack\3.0.3\arpack-3.0.3.jar;C:\Users\alexa\.m2\repository\org\apache\spark\spark-core_2.13\3.5.2\spark-core_2.13-3.5.2.jar;C:\Users\alexa\.m2\repository\org\apache\avro\avro\1.11.2\avro-1.11.2.jar;C:\Users\alexa\.m2\repository\com\fasterxml\jackson\core\jackson-core\2.14.2\jackson-core-2.14.2.jar;C:\Users\alexa\.m2\repository\org\apache\avro\avro-mapred\1.11.2\avro-mapred-1.11.2.jar;C:\Users\alexa\.m2\repository\org\apache\avro\avro-ipc\1.11.2\avro-ipc-1.11.2.jar;C:\Users\alexa\.m2\repository\org\tukaani\xz\1.9\xz-1.9.jar;C:\Users\alexa\.m2\repository\com\twitter\chill_2.13\0.10.0\chill_2.13-0.10.0.jar;C:\Users\alexa\.m2\repository\com\esotericsoftware\kryo-shaded\4.0.2\kryo-shaded-4.0.2.jar;C:\Users\alexa\.m2\repository\com\esotericsoftware\minlog\1.3.0\minlog-1.3.0.jar;C:\Users\alexa\.m2\repository\org\objenesis\objenesis\2.5.1\objenesis-2.5.1.jar;C:\Users\alexa\.m2\repository\com\twitter\chill-java\0.10.0\chill-java-0.10.0.jar;C:\Users\alexa\.m2\repository\org\apache\xbean\xbean-asm9-shaded\4.23\xbean-asm9-shaded-4.23.jar;C:\Users\alexa\.m2\repository\org\apache\hadoop\hadoop-client-api\3.3.4\hadoop-client-api-3.3.4.jar;C:\Users\alexa\.m2\repository\org\apache\hadoop\hadoop-client-runtime\3.3.4\hadoop-client-runtime-3.3.4.jar;C:\Users\alexa\.m2\repository\commons-logging\commons-logging\1.1.3\commons-logging-1.1.3.jar;C:\Users\alexa\.m2\repository\org\apache\spark\spark-launcher_2.13\3.5.2\spark-launcher_2.13-3.5.2.jar;C:\Users\alexa\.m2\repository\org\apache\spark\spark-kvstore_2.13\3.5.2\spark-kvstore_2.13-3.5.2.jar;C:\Users\alexa\.m2\repository\org\fusesource\leveldbjni\leveldbjni-all\1.8\leveldbjni-all-1.8.jar;C:\Users\alexa\.m2\repository\com\fasterxml\jackson\core\jackson-annotations\2.15.2\jackson-annotations-2.15.2.jar;C:\Users\alexa\.m2\repository\org\apache\spark\spark-network-common_2.13\3.5.2\spark-network-common_2.13-3.5.2.jar;C:\Users\alexa\.m2\repository\com\google\crypto\tink\tink\1.9.0\tink-1.9.0.jar;C:\Users\alexa\.m2\repository\com\google\code\gson\gson\2.10.1\gson-2.10.1.jar;C:\Users\alexa\.m2\repository\com\google\protobuf\protobuf-java\3.19.6\protobuf-java-3.19.6.jar;C:\Users\alexa\.m2\repository\joda-time\joda-time\2.12.5\joda-time-2.12.5.jar;C:\Users\alexa\.m2\repository\org\apache\spark\spark-network-shuffle_2.13\3.5.2\spark-network-shuffle_2.13-3.5.2.jar;C:\Users\alexa\.m2\repository\org\apache\spark\spark-unsafe_2.13\3.5.2\spark-unsafe_2.13-3.5.2.jar;C:\Users\alexa\.m2\repository\org\apache\spark\spark-common-utils_2.13\3.5.2\spark-common-utils_2.13-3.5.2.jar;C:\Users\alexa\.m2\repository\org\slf4j\jul-to-slf4j\2.0.7\jul-to-slf4j-2.0.7.jar;C:\Users\alexa\.m2\repository\org\slf4j\jcl-over-slf4j\2.0.7\jcl-over-slf4j-2.0.7.jar;C:\Users\alexa\.m2\repository\org\apache\logging\log4j\log4j-slf4j2-impl\2.20.0\log4j-slf4j2-impl-2.20.0.jar;C:\Users\alexa\.m2\repository\org\apache\logging\log4j\log4j-api\2.20.0\log4j-api-2.20.0.jar;C:\Users\alexa\.m2\repository\org\apache\logging\log4j\log4j-core\2.20.0\log4j-core-2.20.0.jar;C:\Users\alexa\.m2\repository\org\apache\logging\log4j\log4j-1.2-api\2.20.0\log4j-1.2-api-2.20.0.jar;C:\Users\alexa\.m2\repository\javax\activation\activation\1.1.1\activation-1.1.1.jar;C:\Users\alexa\.m2\repository\org\apache\curator\curator-recipes\2.13.0\curator-recipes-2.13.0.jar;C:\Users\alexa\.m2\repository\org\apache\curator\curator-framework\2.13.0\curator-framework-2.13.0.jar;C:\Users\alexa\.m2\repository\org\apache\curator\curator-client\2.13.0\curator-client-2.13.0.jar;C:\Users\alexa\.m2\repository\com\google\guava\guava\16.0.1\guava-16.0.1.jar;C:\Users\alexa\.m2\repository\org\apache\zookeeper\zookeeper\3.6.3\zookeeper-3.6.3.jar;C:\Users\alexa\.m2\repository\org\apache\zookeeper\zookeeper-jute\3.6.3\zookeeper-jute-3.6.3.jar;C:\Users\alexa\.m2\repository\org\apache\yetus\audience-annotations\0.5.0\audience-annotations-0.5.0.jar;C:\Users\alexa\.m2\repository\jakarta\servlet\jakarta.servlet-api\4.0.3\jakarta.servlet-api-4.0.3.jar;C:\Users\alexa\.m2\repository\commons-codec\commons-codec\1.16.1\commons-codec-1.16.1.jar;C:\Users\alexa\.m2\repository\org\apache\commons\commons-compress\1.23.0\commons-compress-1.23.0.jar;C:\Users\alexa\.m2\repository\org\apache\commons\commons-lang3\3.12.0\commons-lang3-3.12.0.jar;C:\Users\alexa\.m2\repository\org\apache\commons\commons-text\1.10.0\commons-text-1.10.0.jar;C:\Users\alexa\.m2\repository\commons-io\commons-io\2.16.1\commons-io-2.16.1.jar;C:\Users\alexa\.m2\repository\commons-collections\commons-collections\3.2.2\commons-collections-3.2.2.jar;C:\Users\alexa\.m2\repository\org\apache\commons\commons-collections4\4.4\commons-collections4-4.4.jar;C:\Users\alexa\.m2\repository\com\google\code\findbugs\jsr305\3.0.0\jsr305-3.0.0.jar;C:\Users\alexa\.m2\repository\com\ning\compress-lzf\1.1.2\compress-lzf-1.1.2.jar;C:\Users\alexa\.m2\repository\org\xerial\snappy\snappy-java\1.1.10.5\snappy-java-1.1.10.5.jar;C:\Users\alexa\.m2\repository\org\lz4\lz4-java\1.8.0\lz4-java-1.8.0.jar;C:\Users\alexa\.m2\repository\com\github\luben\zstd-jni\1.5.5-4\zstd-jni-1.5.5-4.jar;C:\Users\alexa\.m2\repository\org\roaringbitmap\RoaringBitmap\0.9.45\RoaringBitmap-0.9.45.jar;C:\Users\alexa\.m2\repository\org\roaringbitmap\shims\0.9.45\shims-0.9.45.jar;C:\Users\alexa\.m2\repository\org\scala-lang\modules\scala-xml_2.13\2.1.0\scala-xml_2.13-2.1.0.jar;C:\Users\alexa\.m2\repository\org\scala-lang\scala-library\2.13.8\scala-library-2.13.8.jar;C:\Users\alexa\.m2\repository\org\scala-lang\scala-reflect\2.13.8\scala-reflect-2.13.8.jar;C:\Users\alexa\.m2\repository\org\json4s\json4s-jackson_2.13\3.7.0-M11\json4s-jackson_2.13-3.7.0-M11.jar;C:\Users\alexa\.m2\repository\org\json4s\json4s-core_2.13\3.7.0-M11\json4s-core_2.13-3.7.0-M11.jar;C:\Users\alexa\.m2\repository\org\json4s\json4s-ast_2.13\3.7.0-M11\json4s-ast_2.13-3.7.0-M11.jar;C:\Users\alexa\.m2\repository\org\json4s\json4s-scalap_2.13\3.7.0-M11\json4s-scalap_2.13-3.7.0-M11.jar;C:\Users\alexa\.m2\repository\org\glassfish\jersey\core\jersey-client\2.40\jersey-client-2.40.jar;C:\Users\alexa\.m2\repository\jakarta\ws\rs\jakarta.ws.rs-api\2.1.6\jakarta.ws.rs-api-2.1.6.jar;C:\Users\alexa\.m2\repository\org\glassfish\hk2\external\jakarta.inject\2.6.1\jakarta.inject-2.6.1.jar;C:\Users\alexa\.m2\repository\org\glassfish\jersey\core\jersey-common\2.40\jersey-common-2.40.jar;C:\Users\alexa\.m2\repository\jakarta\annotation\jakarta.annotation-api\1.3.5\jakarta.annotation-api-1.3.5.jar;C:\Users\alexa\.m2\repository\org\glassfish\hk2\osgi-resource-locator\1.0.3\osgi-resource-locator-1.0.3.jar;C:\Users\alexa\.m2\repository\org\glassfish\jersey\core\jersey-server\2.40\jersey-server-2.40.jar;C:\Users\alexa\.m2\repository\jakarta\validation\jakarta.validation-api\2.0.2\jakarta.validation-api-2.0.2.jar;C:\Users\alexa\.m2\repository\org\glassfish\jersey\containers\jersey-container-servlet\2.40\jersey-container-servlet-2.40.jar;C:\Users\alexa\.m2\repository\org\glassfish\jersey\containers\jersey-container-servlet-core\2.40\jersey-container-servlet-core-2.40.jar;C:\Users\alexa\.m2\repository\org\glassfish\jersey\inject\jersey-hk2\2.40\jersey-hk2-2.40.jar;C:\Users\alexa\.m2\repository\org\glassfish\hk2\hk2-locator\2.6.1\hk2-locator-2.6.1.jar;C:\Users\alexa\.m2\repository\org\glassfish\hk2\external\aopalliance-repackaged\2.6.1\aopalliance-repackaged-2.6.1.jar;C:\Users\alexa\.m2\repository\org\glassfish\hk2\hk2-api\2.6.1\hk2-api-2.6.1.jar;C:\Users\alexa\.m2\repository\org\glassfish\hk2\hk2-utils\2.6.1\hk2-utils-2.6.1.jar;C:\Users\alexa\.m2\repository\org\javassist\javassist\3.29.2-GA\javassist-3.29.2-GA.jar;C:\Users\alexa\.m2\repository\io\netty\netty-all\4.1.96.Final\netty-all-4.1.96.Final.jar;C:\Users\alexa\.m2\repository\io\netty\netty-buffer\4.1.96.Final\netty-buffer-4.1.96.Final.jar;C:\Users\alexa\.m2\repository\io\netty\netty-codec\4.1.96.Final\netty-codec-4.1.96.Final.jar;C:\Users\alexa\.m2\repository\io\netty\netty-codec-http\4.1.96.Final\netty-codec-http-4.1.96.Final.jar;C:\Users\alexa\.m2\repository\io\netty\netty-codec-http2\4.1.96.Final\netty-codec-http2-4.1.96.Final.jar;C:\Users\alexa\.m2\repository\io\netty\netty-codec-socks\4.1.96.Final\netty-codec-socks-4.1.96.Final.jar;C:\Users\alexa\.m2\repository\io\netty\netty-common\4.1.96.Final\netty-common-4.1.96.Final.jar;C:\Users\alexa\.m2\repository\io\netty\netty-handler\4.1.96.Final\netty-handler-4.1.96.Final.jar;C:\Users\alexa\.m2\repository\io\netty\netty-transport-native-unix-common\4.1.96.Final\netty-transport-native-unix-common-4.1.96.Final.jar;C:\Users\alexa\.m2\repository\io\netty\netty-handler-proxy\4.1.96.Final\netty-handler-proxy-4.1.96.Final.jar;C:\Users\alexa\.m2\repository\io\netty\netty-resolver\4.1.96.Final\netty-resolver-4.1.96.Final.jar;C:\Users\alexa\.m2\repository\io\netty\netty-transport\4.1.96.Final\netty-transport-4.1.96.Final.jar;C:\Users\alexa\.m2\repository\io\netty\netty-transport-classes-epoll\4.1.96.Final\netty-transport-classes-epoll-4.1.96.Final.jar;C:\Users\alexa\.m2\repository\io\netty\netty-transport-classes-kqueue\4.1.96.Final\netty-transport-classes-kqueue-4.1.96.Final.jar;C:\Users\alexa\.m2\repository\io\netty\netty-transport-native-epoll\4.1.96.Final\netty-transport-native-epoll-4.1.96.Final-linux-x86_64.jar;C:\Users\alexa\.m2\repository\io\netty\netty-transport-native-epoll\4.1.96.Final\netty-transport-native-epoll-4.1.96.Final-linux-aarch_64.jar;C:\Users\alexa\.m2\repository\io\netty\netty-transport-native-kqueue\4.1.96.Final\netty-transport-native-kqueue-4.1.96.Final-osx-aarch_64.jar;C:\Users\alexa\.m2\repository\io\netty\netty-transport-native-kqueue\4.1.96.Final\netty-transport-native-kqueue-4.1.96.Final-osx-x86_64.jar;C:\Users\alexa\.m2\repository\com\clearspring\analytics\stream\2.9.6\stream-2.9.6.jar;C:\Users\alexa\.m2\repository\io\dropwizard\metrics\metrics-core\4.2.19\metrics-core-4.2.19.jar;C:\Users\alexa\.m2\repository\io\dropwizard\metrics\metrics-jvm\4.2.19\metrics-jvm-4.2.19.jar;C:\Users\alexa\.m2\repository\io\dropwizard\metrics\metrics-json\4.2.19\metrics-json-4.2.19.jar;C:\Users\alexa\.m2\repository\io\dropwizard\metrics\metrics-graphite\4.2.19\metrics-graphite-4.2.19.jar;C:\Users\alexa\.m2\repository\io\dropwizard\metrics\metrics-jmx\4.2.19\metrics-jmx-4.2.19.jar;C:\Users\alexa\.m2\repository\com\fasterxml\jackson\core\jackson-databind\2.15.2\jackson-databind-2.15.2.jar;C:\Users\alexa\.m2\repository\com\fasterxml\jackson\module\jackson-module-scala_2.13\2.15.2\jackson-module-scala_2.13-2.15.2.jar;C:\Users\alexa\.m2\repository\com\thoughtworks\paranamer\paranamer\2.8\paranamer-2.8.jar;C:\Users\alexa\.m2\repository\org\apache\ivy\ivy\2.5.1\ivy-2.5.1.jar;C:\Users\alexa\.m2\repository\oro\oro\2.0.8\oro-2.0.8.jar;C:\Users\alexa\.m2\repository\net\razorvine\pickle\1.3\pickle-1.3.jar;C:\Users\alexa\.m2\repository\net\sf\py4j\py4j\0.10.9.7\py4j-0.10.9.7.jar;C:\Users\alexa\.m2\repository\org\apache\commons\commons-crypto\1.1.0\commons-crypto-1.1.0.jar;"/>
    <property name="java.vm.vendor" value="Oracle Corporation"/>
    <property name="sun.arch.data.model" value="64"/>
    <property name="user.variant" value=""/>
    <property name="java.vendor.url" value="https://java.oracle.com/"/>
    <property name="user.timezone" value="America/Bogota"/>
    <property name="os.name" value="Windows 11"/>
    <property name="java.vm.specification.version" value="21"/>
    <property name="sun.java.launcher" value="SUN_STANDARD"/>
    <property name="user.country" value="CO"/>
    <property name="sun.boot.library.path" value="C:\Program Files\Java\jdk-21\bin"/>
    <property name="sun.java.command" value="C:\Users\alexa\AppData\Local\Temp\surefire786548536489867425\surefirebooter-20240828204058590_3.jar C:\Users\alexa\AppData\Local\Temp\surefire786548536489867425 2024-08-28T20-40-58_483-jvmRun1 surefire-20240828204058590_1tmp surefire_0-20240828204058590_2tmp"/>
    <property name="jdk.debug" value="release"/>
    <property name="surefire.test.class.path" value="C:\Users\alexa\OneDrive\Escritorio\Microframeworks_WEB\target\test-classes;C:\Users\alexa\OneDrive\Escritorio\Microframeworks_WEB\target\classes;C:\Users\alexa\.m2\repository\junit\junit\3.8.1\junit-3.8.1.jar;C:\Users\alexa\.m2\repository\org\apache\spark\spark-mllib_2.13\3.5.2\spark-mllib_2.13-3.5.2.jar;C:\Users\alexa\.m2\repository\org\scala-lang\modules\scala-parser-combinators_2.13\2.3.0\scala-parser-combinators_2.13-2.3.0.jar;C:\Users\alexa\.m2\repository\org\apache\spark\spark-streaming_2.13\3.5.2\spark-streaming_2.13-3.5.2.jar;C:\Users\alexa\.m2\repository\org\apache\spark\spark-sql_2.13\3.5.2\spark-sql_2.13-3.5.2.jar;C:\Users\alexa\.m2\repository\org\rocksdb\rocksdbjni\8.3.2\rocksdbjni-8.3.2.jar;C:\Users\alexa\.m2\repository\com\univocity\univocity-parsers\2.9.1\univocity-parsers-2.9.1.jar;C:\Users\alexa\.m2\repository\org\apache\spark\spark-sketch_2.13\3.5.2\spark-sketch_2.13-3.5.2.jar;C:\Users\alexa\.m2\repository\org\apache\spark\spark-catalyst_2.13\3.5.2\spark-catalyst_2.13-3.5.2.jar;C:\Users\alexa\.m2\repository\org\apache\spark\spark-sql-api_2.13\3.5.2\spark-sql-api_2.13-3.5.2.jar;C:\Users\alexa\.m2\repository\org\antlr\antlr4-runtime\4.9.3\antlr4-runtime-4.9.3.jar;C:\Users\alexa\.m2\repository\org\apache\arrow\arrow-vector\12.0.1\arrow-vector-12.0.1.jar;C:\Users\alexa\.m2\repository\org\apache\arrow\arrow-format\12.0.1\arrow-format-12.0.1.jar;C:\Users\alexa\.m2\repository\org\apache\arrow\arrow-memory-core\12.0.1\arrow-memory-core-12.0.1.jar;C:\Users\alexa\.m2\repository\com\fasterxml\jackson\datatype\jackson-datatype-jsr310\2.15.1\jackson-datatype-jsr310-2.15.1.jar;C:\Users\alexa\.m2\repository\com\google\flatbuffers\flatbuffers-java\1.12.0\flatbuffers-java-1.12.0.jar;C:\Users\alexa\.m2\repository\org\apache\arrow\arrow-memory-netty\12.0.1\arrow-memory-netty-12.0.1.jar;C:\Users\alexa\.m2\repository\org\codehaus\janino\janino\3.1.9\janino-3.1.9.jar;C:\Users\alexa\.m2\repository\org\codehaus\janino\commons-compiler\3.1.9\commons-compiler-3.1.9.jar;C:\Users\alexa\.m2\repository\org\apache\datasketches\datasketches-java\3.3.0\datasketches-java-3.3.0.jar;C:\Users\alexa\.m2\repository\org\apache\datasketches\datasketches-memory\2.1.0\datasketches-memory-2.1.0.jar;C:\Users\alexa\.m2\repository\org\apache\orc\orc-core\1.9.4\orc-core-1.9.4-shaded-protobuf.jar;C:\Users\alexa\.m2\repository\org\apache\orc\orc-shims\1.9.4\orc-shims-1.9.4.jar;C:\Users\alexa\.m2\repository\io\airlift\aircompressor\0.27\aircompressor-0.27.jar;C:\Users\alexa\.m2\repository\org\jetbrains\annotations\17.0.0\annotations-17.0.0.jar;C:\Users\alexa\.m2\repository\org\threeten\threeten-extra\1.7.1\threeten-extra-1.7.1.jar;C:\Users\alexa\.m2\repository\org\apache\orc\orc-mapreduce\1.9.4\orc-mapreduce-1.9.4-shaded-protobuf.jar;C:\Users\alexa\.m2\repository\org\apache\hive\hive-storage-api\2.8.1\hive-storage-api-2.8.1.jar;C:\Users\alexa\.m2\repository\org\apache\parquet\parquet-column\1.13.1\parquet-column-1.13.1.jar;C:\Users\alexa\.m2\repository\org\apache\parquet\parquet-common\1.13.1\parquet-common-1.13.1.jar;C:\Users\alexa\.m2\repository\org\apache\parquet\parquet-encoding\1.13.1\parquet-encoding-1.13.1.jar;C:\Users\alexa\.m2\repository\org\apache\parquet\parquet-hadoop\1.13.1\parquet-hadoop-1.13.1.jar;C:\Users\alexa\.m2\repository\org\apache\parquet\parquet-format-structures\1.13.1\parquet-format-structures-1.13.1.jar;C:\Users\alexa\.m2\repository\org\apache\parquet\parquet-jackson\1.13.1\parquet-jackson-1.13.1.jar;C:\Users\alexa\.m2\repository\org\apache\spark\spark-graphx_2.13\3.5.2\spark-graphx_2.13-3.5.2.jar;C:\Users\alexa\.m2\repository\net\sourceforge\f2j\arpack_combined_all\0.1\arpack_combined_all-0.1.jar;C:\Users\alexa\.m2\repository\org\apache\spark\spark-mllib-local_2.13\3.5.2\spark-mllib-local_2.13-3.5.2.jar;C:\Users\alexa\.m2\repository\org\scala-lang\modules\scala-parallel-collections_2.13\1.0.4\scala-parallel-collections_2.13-1.0.4.jar;C:\Users\alexa\.m2\repository\org\scala-lang\modules\scala-collection-compat_2.13\2.7.0\scala-collection-compat_2.13-2.7.0.jar;C:\Users\alexa\.m2\repository\org\scalanlp\breeze_2.13\2.1.0\breeze_2.13-2.1.0.jar;C:\Users\alexa\.m2\repository\org\scalanlp\breeze-macros_2.13\2.1.0\breeze-macros_2.13-2.1.0.jar;C:\Users\alexa\.m2\repository\net\sf\opencsv\opencsv\2.3\opencsv-2.3.jar;C:\Users\alexa\.m2\repository\com\github\wendykierp\JTransforms\3.1\JTransforms-3.1.jar;C:\Users\alexa\.m2\repository\pl\edu\icm\JLargeArrays\1.5\JLargeArrays-1.5.jar;C:\Users\alexa\.m2\repository\org\slf4j\slf4j-api\1.7.5\slf4j-api-1.7.5.jar;C:\Users\alexa\.m2\repository\org\typelevel\spire_2.13\0.18.0\spire_2.13-0.18.0.jar;C:\Users\alexa\.m2\repository\org\typelevel\spire-macros_2.13\0.18.0\spire-macros_2.13-0.18.0.jar;C:\Users\alexa\.m2\repository\org\typelevel\spire-platform_2.13\0.18.0\spire-platform_2.13-0.18.0.jar;C:\Users\alexa\.m2\repository\org\typelevel\spire-util_2.13\0.18.0\spire-util_2.13-0.18.0.jar;C:\Users\alexa\.m2\repository\org\typelevel\algebra_2.13\2.8.0\algebra_2.13-2.8.0.jar;C:\Users\alexa\.m2\repository\org\typelevel\cats-kernel_2.13\2.8.0\cats-kernel_2.13-2.8.0.jar;C:\Users\alexa\.m2\repository\org\apache\commons\commons-math3\3.6.1\commons-math3-3.6.1.jar;C:\Users\alexa\.m2\repository\org\glassfish\jaxb\jaxb-runtime\2.3.2\jaxb-runtime-2.3.2.jar;C:\Users\alexa\.m2\repository\jakarta\xml\bind\jakarta.xml.bind-api\2.3.2\jakarta.xml.bind-api-2.3.2.jar;C:\Users\alexa\.m2\repository\com\sun\istack\istack-commons-runtime\3.0.8\istack-commons-runtime-3.0.8.jar;C:\Users\alexa\.m2\repository\org\apache\spark\spark-tags_2.13\3.5.2\spark-tags_2.13-3.5.2.jar;C:\Users\alexa\.m2\repository\dev\ludovic\netlib\blas\3.0.3\blas-3.0.3.jar;C:\Users\alexa\.m2\repository\dev\ludovic\netlib\lapack\3.0.3\lapack-3.0.3.jar;C:\Users\alexa\.m2\repository\dev\ludovic\netlib\arpack\3.0.3\arpack-3.0.3.jar;C:\Users\alexa\.m2\repository\org\apache\spark\spark-core_2.13\3.5.2\spark-core_2.13-3.5.2.jar;C:\Users\alexa\.m2\repository\org\apache\avro\avro\1.11.2\avro-1.11.2.jar;C:\Users\alexa\.m2\repository\com\fasterxml\jackson\core\jackson-core\2.14.2\jackson-core-2.14.2.jar;C:\Users\alexa\.m2\repository\org\apache\avro\avro-mapred\1.11.2\avro-mapred-1.11.2.jar;C:\Users\alexa\.m2\repository\org\apache\avro\avro-ipc\1.11.2\avro-ipc-1.11.2.jar;C:\Users\alexa\.m2\repository\org\tukaani\xz\1.9\xz-1.9.jar;C:\Users\alexa\.m2\repository\com\twitter\chill_2.13\0.10.0\chill_2.13-0.10.0.jar;C:\Users\alexa\.m2\repository\com\esotericsoftware\kryo-shaded\4.0.2\kryo-shaded-4.0.2.jar;C:\Users\alexa\.m2\repository\com\esotericsoftware\minlog\1.3.0\minlog-1.3.0.jar;C:\Users\alexa\.m2\repository\org\objenesis\objenesis\2.5.1\objenesis-2.5.1.jar;C:\Users\alexa\.m2\repository\com\twitter\chill-java\0.10.0\chill-java-0.10.0.jar;C:\Users\alexa\.m2\repository\org\apache\xbean\xbean-asm9-shaded\4.23\xbean-asm9-shaded-4.23.jar;C:\Users\alexa\.m2\repository\org\apache\hadoop\hadoop-client-api\3.3.4\hadoop-client-api-3.3.4.jar;C:\Users\alexa\.m2\repository\org\apache\hadoop\hadoop-client-runtime\3.3.4\hadoop-client-runtime-3.3.4.jar;C:\Users\alexa\.m2\repository\commons-logging\commons-logging\1.1.3\commons-logging-1.1.3.jar;C:\Users\alexa\.m2\repository\org\apache\spark\spark-launcher_2.13\3.5.2\spark-launcher_2.13-3.5.2.jar;C:\Users\alexa\.m2\repository\org\apache\spark\spark-kvstore_2.13\3.5.2\spark-kvstore_2.13-3.5.2.jar;C:\Users\alexa\.m2\repository\org\fusesource\leveldbjni\leveldbjni-all\1.8\leveldbjni-all-1.8.jar;C:\Users\alexa\.m2\repository\com\fasterxml\jackson\core\jackson-annotations\2.15.2\jackson-annotations-2.15.2.jar;C:\Users\alexa\.m2\repository\org\apache\spark\spark-network-common_2.13\3.5.2\spark-network-common_2.13-3.5.2.jar;C:\Users\alexa\.m2\repository\com\google\crypto\tink\tink\1.9.0\tink-1.9.0.jar;C:\Users\alexa\.m2\repository\com\google\code\gson\gson\2.10.1\gson-2.10.1.jar;C:\Users\alexa\.m2\repository\com\google\protobuf\protobuf-java\3.19.6\protobuf-java-3.19.6.jar;C:\Users\alexa\.m2\repository\joda-time\joda-time\2.12.5\joda-time-2.12.5.jar;C:\Users\alexa\.m2\repository\org\apache\spark\spark-network-shuffle_2.13\3.5.2\spark-network-shuffle_2.13-3.5.2.jar;C:\Users\alexa\.m2\repository\org\apache\spark\spark-unsafe_2.13\3.5.2\spark-unsafe_2.13-3.5.2.jar;C:\Users\alexa\.m2\repository\org\apache\spark\spark-common-utils_2.13\3.5.2\spark-common-utils_2.13-3.5.2.jar;C:\Users\alexa\.m2\repository\org\slf4j\jul-to-slf4j\2.0.7\jul-to-slf4j-2.0.7.jar;C:\Users\alexa\.m2\repository\org\slf4j\jcl-over-slf4j\2.0.7\jcl-over-slf4j-2.0.7.jar;C:\Users\alexa\.m2\repository\org\apache\logging\log4j\log4j-slf4j2-impl\2.20.0\log4j-slf4j2-impl-2.20.0.jar;C:\Users\alexa\.m2\repository\org\apache\logging\log4j\log4j-api\2.20.0\log4j-api-2.20.0.jar;C:\Users\alexa\.m2\repository\org\apache\logging\log4j\log4j-core\2.20.0\log4j-core-2.20.0.jar;C:\Users\alexa\.m2\repository\org\apache\logging\log4j\log4j-1.2-api\2.20.0\log4j-1.2-api-2.20.0.jar;C:\Users\alexa\.m2\repository\javax\activation\activation\1.1.1\activation-1.1.1.jar;C:\Users\alexa\.m2\repository\org\apache\curator\curator-recipes\2.13.0\curator-recipes-2.13.0.jar;C:\Users\alexa\.m2\repository\org\apache\curator\curator-framework\2.13.0\curator-framework-2.13.0.jar;C:\Users\alexa\.m2\repository\org\apache\curator\curator-client\2.13.0\curator-client-2.13.0.jar;C:\Users\alexa\.m2\repository\com\google\guava\guava\16.0.1\guava-16.0.1.jar;C:\Users\alexa\.m2\repository\org\apache\zookeeper\zookeeper\3.6.3\zookeeper-3.6.3.jar;C:\Users\alexa\.m2\repository\org\apache\zookeeper\zookeeper-jute\3.6.3\zookeeper-jute-3.6.3.jar;C:\Users\alexa\.m2\repository\org\apache\yetus\audience-annotations\0.5.0\audience-annotations-0.5.0.jar;C:\Users\alexa\.m2\repository\jakarta\servlet\jakarta.servlet-api\4.0.3\jakarta.servlet-api-4.0.3.jar;C:\Users\alexa\.m2\repository\commons-codec\commons-codec\1.16.1\commons-codec-1.16.1.jar;C:\Users\alexa\.m2\repository\org\apache\commons\commons-compress\1.23.0\commons-compress-1.23.0.jar;C:\Users\alexa\.m2\repository\org\apache\commons\commons-lang3\3.12.0\commons-lang3-3.12.0.jar;C:\Users\alexa\.m2\repository\org\apache\commons\commons-text\1.10.0\commons-text-1.10.0.jar;C:\Users\alexa\.m2\repository\commons-io\commons-io\2.16.1\commons-io-2.16.1.jar;C:\Users\alexa\.m2\repository\commons-collections\commons-collections\3.2.2\commons-collections-3.2.2.jar;C:\Users\alexa\.m2\repository\org\apache\commons\commons-collections4\4.4\commons-collections4-4.4.jar;C:\Users\alexa\.m2\repository\com\google\code\findbugs\jsr305\3.0.0\jsr305-3.0.0.jar;C:\Users\alexa\.m2\repository\com\ning\compress-lzf\1.1.2\compress-lzf-1.1.2.jar;C:\Users\alexa\.m2\repository\org\xerial\snappy\snappy-java\1.1.10.5\snappy-java-1.1.10.5.jar;C:\Users\alexa\.m2\repository\org\lz4\lz4-java\1.8.0\lz4-java-1.8.0.jar;C:\Users\alexa\.m2\repository\com\github\luben\zstd-jni\1.5.5-4\zstd-jni-1.5.5-4.jar;C:\Users\alexa\.m2\repository\org\roaringbitmap\RoaringBitmap\0.9.45\RoaringBitmap-0.9.45.jar;C:\Users\alexa\.m2\repository\org\roaringbitmap\shims\0.9.45\shims-0.9.45.jar;C:\Users\alexa\.m2\repository\org\scala-lang\modules\scala-xml_2.13\2.1.0\scala-xml_2.13-2.1.0.jar;C:\Users\alexa\.m2\repository\org\scala-lang\scala-library\2.13.8\scala-library-2.13.8.jar;C:\Users\alexa\.m2\repository\org\scala-lang\scala-reflect\2.13.8\scala-reflect-2.13.8.jar;C:\Users\alexa\.m2\repository\org\json4s\json4s-jackson_2.13\3.7.0-M11\json4s-jackson_2.13-3.7.0-M11.jar;C:\Users\alexa\.m2\repository\org\json4s\json4s-core_2.13\3.7.0-M11\json4s-core_2.13-3.7.0-M11.jar;C:\Users\alexa\.m2\repository\org\json4s\json4s-ast_2.13\3.7.0-M11\json4s-ast_2.13-3.7.0-M11.jar;C:\Users\alexa\.m2\repository\org\json4s\json4s-scalap_2.13\3.7.0-M11\json4s-scalap_2.13-3.7.0-M11.jar;C:\Users\alexa\.m2\repository\org\glassfish\jersey\core\jersey-client\2.40\jersey-client-2.40.jar;C:\Users\alexa\.m2\repository\jakarta\ws\rs\jakarta.ws.rs-api\2.1.6\jakarta.ws.rs-api-2.1.6.jar;C:\Users\alexa\.m2\repository\org\glassfish\hk2\external\jakarta.inject\2.6.1\jakarta.inject-2.6.1.jar;C:\Users\alexa\.m2\repository\org\glassfish\jersey\core\jersey-common\2.40\jersey-common-2.40.jar;C:\Users\alexa\.m2\repository\jakarta\annotation\jakarta.annotation-api\1.3.5\jakarta.annotation-api-1.3.5.jar;C:\Users\alexa\.m2\repository\org\glassfish\hk2\osgi-resource-locator\1.0.3\osgi-resource-locator-1.0.3.jar;C:\Users\alexa\.m2\repository\org\glassfish\jersey\core\jersey-server\2.40\jersey-server-2.40.jar;C:\Users\alexa\.m2\repository\jakarta\validation\jakarta.validation-api\2.0.2\jakarta.validation-api-2.0.2.jar;C:\Users\alexa\.m2\repository\org\glassfish\jersey\containers\jersey-container-servlet\2.40\jersey-container-servlet-2.40.jar;C:\Users\alexa\.m2\repository\org\glassfish\jersey\containers\jersey-container-servlet-core\2.40\jersey-container-servlet-core-2.40.jar;C:\Users\alexa\.m2\repository\org\glassfish\jersey\inject\jersey-hk2\2.40\jersey-hk2-2.40.jar;C:\Users\alexa\.m2\repository\org\glassfish\hk2\hk2-locator\2.6.1\hk2-locator-2.6.1.jar;C:\Users\alexa\.m2\repository\org\glassfish\hk2\external\aopalliance-repackaged\2.6.1\aopalliance-repackaged-2.6.1.jar;C:\Users\alexa\.m2\repository\org\glassfish\hk2\hk2-api\2.6.1\hk2-api-2.6.1.jar;C:\Users\alexa\.m2\repository\org\glassfish\hk2\hk2-utils\2.6.1\hk2-utils-2.6.1.jar;C:\Users\alexa\.m2\repository\org\javassist\javassist\3.29.2-GA\javassist-3.29.2-GA.jar;C:\Users\alexa\.m2\repository\io\netty\netty-all\4.1.96.Final\netty-all-4.1.96.Final.jar;C:\Users\alexa\.m2\repository\io\netty\netty-buffer\4.1.96.Final\netty-buffer-4.1.96.Final.jar;C:\Users\alexa\.m2\repository\io\netty\netty-codec\4.1.96.Final\netty-codec-4.1.96.Final.jar;C:\Users\alexa\.m2\repository\io\netty\netty-codec-http\4.1.96.Final\netty-codec-http-4.1.96.Final.jar;C:\Users\alexa\.m2\repository\io\netty\netty-codec-http2\4.1.96.Final\netty-codec-http2-4.1.96.Final.jar;C:\Users\alexa\.m2\repository\io\netty\netty-codec-socks\4.1.96.Final\netty-codec-socks-4.1.96.Final.jar;C:\Users\alexa\.m2\repository\io\netty\netty-common\4.1.96.Final\netty-common-4.1.96.Final.jar;C:\Users\alexa\.m2\repository\io\netty\netty-handler\4.1.96.Final\netty-handler-4.1.96.Final.jar;C:\Users\alexa\.m2\repository\io\netty\netty-transport-native-unix-common\4.1.96.Final\netty-transport-native-unix-common-4.1.96.Final.jar;C:\Users\alexa\.m2\repository\io\netty\netty-handler-proxy\4.1.96.Final\netty-handler-proxy-4.1.96.Final.jar;C:\Users\alexa\.m2\repository\io\netty\netty-resolver\4.1.96.Final\netty-resolver-4.1.96.Final.jar;C:\Users\alexa\.m2\repository\io\netty\netty-transport\4.1.96.Final\netty-transport-4.1.96.Final.jar;C:\Users\alexa\.m2\repository\io\netty\netty-transport-classes-epoll\4.1.96.Final\netty-transport-classes-epoll-4.1.96.Final.jar;C:\Users\alexa\.m2\repository\io\netty\netty-transport-classes-kqueue\4.1.96.Final\netty-transport-classes-kqueue-4.1.96.Final.jar;C:\Users\alexa\.m2\repository\io\netty\netty-transport-native-epoll\4.1.96.Final\netty-transport-native-epoll-4.1.96.Final-linux-x86_64.jar;C:\Users\alexa\.m2\repository\io\netty\netty-transport-native-epoll\4.1.96.Final\netty-transport-native-epoll-4.1.96.Final-linux-aarch_64.jar;C:\Users\alexa\.m2\repository\io\netty\netty-transport-native-kqueue\4.1.96.Final\netty-transport-native-kqueue-4.1.96.Final-osx-aarch_64.jar;C:\Users\alexa\.m2\repository\io\netty\netty-transport-native-kqueue\4.1.96.Final\netty-transport-native-kqueue-4.1.96.Final-osx-x86_64.jar;C:\Users\alexa\.m2\repository\com\clearspring\analytics\stream\2.9.6\stream-2.9.6.jar;C:\Users\alexa\.m2\repository\io\dropwizard\metrics\metrics-core\4.2.19\metrics-core-4.2.19.jar;C:\Users\alexa\.m2\repository\io\dropwizard\metrics\metrics-jvm\4.2.19\metrics-jvm-4.2.19.jar;C:\Users\alexa\.m2\repository\io\dropwizard\metrics\metrics-json\4.2.19\metrics-json-4.2.19.jar;C:\Users\alexa\.m2\repository\io\dropwizard\metrics\metrics-graphite\4.2.19\metrics-graphite-4.2.19.jar;C:\Users\alexa\.m2\repository\io\dropwizard\metrics\metrics-jmx\4.2.19\metrics-jmx-4.2.19.jar;C:\Users\alexa\.m2\repository\com\fasterxml\jackson\core\jackson-databind\2.15.2\jackson-databind-2.15.2.jar;C:\Users\alexa\.m2\repository\com\fasterxml\jackson\module\jackson-module-scala_2.13\2.15.2\jackson-module-scala_2.13-2.15.2.jar;C:\Users\alexa\.m2\repository\com\thoughtworks\paranamer\paranamer\2.8\paranamer-2.8.jar;C:\Users\alexa\.m2\repository\org\apache\ivy\ivy\2.5.1\ivy-2.5.1.jar;C:\Users\alexa\.m2\repository\oro\oro\2.0.8\oro-2.0.8.jar;C:\Users\alexa\.m2\repository\net\razorvine\pickle\1.3\pickle-1.3.jar;C:\Users\alexa\.m2\repository\net\sf\py4j\py4j\0.10.9.7\py4j-0.10.9.7.jar;C:\Users\alexa\.m2\repository\org\apache\commons\commons-crypto\1.1.0\commons-crypto-1.1.0.jar;"/>
    <property name="sun.cpu.endian" value="little"/>
    <property name="user.home" value="C:\Users\alexa"/>
    <property name="user.language" value="es"/>
    <property name="java.specification.vendor" value="Oracle Corporation"/>
    <property name="java.version.date" value="2023-10-17"/>
    <property name="java.home" value="C:\Program Files\Java\jdk-21"/>
    <property name="file.separator" value="\"/>
    <property name="basedir" value="C:\Users\alexa\OneDrive\Escritorio\Microframeworks_WEB"/>
    <property name="java.vm.compressedOopsMode" value="Zero based"/>
    <property name="line.separator" value="&#10;"/>
    <property name="java.vm.specification.vendor" value="Oracle Corporation"/>
    <property name="java.specification.name" value="Java Platform API Specification"/>
    <property name="surefire.real.class.path" value="C:\Users\alexa\AppData\Local\Temp\surefire786548536489867425\surefirebooter-20240828204058590_3.jar"/>
    <property name="user.script" value=""/>
    <property name="sun.management.compiler" value="HotSpot 64-Bit Tiered Compilers"/>
    <property name="java.runtime.version" value="21.0.1+12-LTS-29"/>
    <property name="user.name" value="alexa"/>
    <property name="stdout.encoding" value="Cp1252"/>
    <property name="path.separator" value=";"/>
    <property name="os.version" value="10.0"/>
    <property name="java.runtime.name" value="Java(TM) SE Runtime Environment"/>
    <property name="file.encoding" value="UTF-8"/>
    <property name="java.vm.name" value="Java HotSpot(TM) 64-Bit Server VM"/>
    <property name="localRepository" value="C:\Users\alexa\.m2\repository"/>
    <property name="java.vendor.url.bug" value="https://bugreport.java.com/bugreport/"/>
    <property name="java.io.tmpdir" value="C:\Users\alexa\AppData\Local\Temp\"/>
    <property name="java.version" value="21.0.1"/>
    <property name="user.dir" value="C:\Users\alexa\OneDrive\Escritorio\Microframeworks_WEB"/>
    <property name="os.arch" value="amd64"/>
    <property name="java.vm.specification.name" value="Java Virtual Machine Specification"/>
    <property name="sun.os.patch.level" value=""/>
    <property name="native.encoding" value="Cp1252"/>
    <property name="java.library.path" value="C:\Program Files\Java\jdk-21\bin;C:\windows\Sun\Java\bin;C:\windows\system32;C:\windows;C:\Program Files (x86)\VMware\VMware Player\bin\;C:\Program Files\Common Files\Oracle\Java\javapath;C:\windows\system32;C:\windows;C:\windows\System32\Wbem;C:\windows\System32\WindowsPowerShell\v1.0\;C:\windows\System32\OpenSSH\;C:\Program Files (x86)\NVIDIA Corporation\PhysX\Common;C:\Program Files\NVIDIA Corporation\NVIDIA NvDLISR;C:\Program Files\Git\cmd;C:\Users\alexa\Maven\apache-maven-3.9.6\bin;C:\Program Files\dotnet\;C:\Program Files (x86)\dotnet\;C:\Program Files\Docker\Docker\resources\bin;C:\Program Files\Microsoft SQL Server\Client SDK\ODBC\130\Tools\Binn\;C:\Program Files (x86)\Microsoft SQL Server\140\Tools\Binn\;C:\Program Files\Microsoft SQL Server\140\Tools\Binn\;C:\Program Files\Microsoft SQL Server\140\DTS\Binn\;C:\Program Files\nodejs\;C:\Users\alexa\AppData\Local\Microsoft\WindowsApps;C:\Users\alexa\AppData\Local\Programs\Microsoft VS Code\bin;C:\Users\alexa\AppData\Roaming\npm;C:\Program Files\MongoDB\Server\7.0\bin;C:\Program Files\MongoDB\mongosh-2.2.10-win32-x64\bin;;."/>
    <property name="java.vm.info" value="mixed mode, sharing"/>
    <property name="stderr.encoding" value="Cp1252"/>
    <property name="java.vendor" value="Oracle Corporation"/>
    <property name="java.vm.version" value="21.0.1+12-LTS-29"/>
    <property name="sun.io.unicode.encoding" value="UnicodeLittle"/>
    <property name="java.class.version" value="65.0"/>
  </properties>
  <testcase name="testLoadStaticFile" classname="edu.escuelaing.arep.AppTest" time="0.037">
    <system-out><![CDATA[Static files location set to: src/main/java/edu/escuelaing/arep/resources/
Ready to receive on port 8080...
Request line: GET /index.html HTTP/1.1
Header: User-Agent: Java/21.0.1
Header: Host: localhost:8080
Header: Accept: */*
Header: Connection: keep-alive
Request line: GET /index.html HTTP/1.1
Header: User-Agent: Java/21.0.1
Header: Host: localhost:8080
Header: Accept: */*
Header: Connection: keep-alive
]]></system-out>
  </testcase>
  <testcase name="testPostRequest" classname="edu.escuelaing.arep.AppTest" time="0.003">
    <system-out><![CDATA[Request line: POST /app/hellopost?name=Maria%20Jose HTTP/1.1
Header: User-Agent: Java/21.0.1
Header: Host: localhost:8080
Header: Accept: */*
Header: Connection: keep-alive
]]></system-out>
  </testcase>
  <testcase name="testInvalidRequest" classname="edu.escuelaing.arep.AppTest" time="0.002">
    <system-out><![CDATA[Request line: GET /nonexistentfile.html HTTP/1.1
Header: User-Agent: Java/21.0.1
Header: Host: localhost:8080
Header: Accept: */*
Header: Connection: keep-alive
]]></system-out>
  </testcase>
  <testcase name="testHelloServiceResponse" classname="edu.escuelaing.arep.AppTest" time="0.006">
    <system-out><![CDATA[Request line: GET /app/hello?name=World HTTP/1.1
Header: User-Agent: Java/21.0.1
Header: Host: localhost:8080
Header: Accept: */*
Header: Connection: keep-alive
World
]]></system-out>
  </testcase>
  <testcase name="testMultipleConnections" classname="edu.escuelaing.arep.AppTest" time="0.015">
    <system-out><![CDATA[Request line: GET /index.html HTTP/1.1
Request line: GET /index.html HTTP/1.1
Header: User-Agent: Java/21.0.1
Header: User-Agent: Java/21.0.1
Header: Host: localhost:8080
Header: Accept: */*
Header: Connection: keep-alive
Header: Host: localhost:8080
Header: Accept: */*
Header: Connection: keep-alive
Request line: GET /index.html HTTP/1.1
Header: User-Agent: Java/21.0.1
Header: Host: localhost:8080
Header: Accept: */*
Header: Connection: keep-alive
Request line: GET /index.html HTTP/1.1
Header: User-Agent: Java/21.0.1
Header: Host: localhost:8080
Request line: GET /index.html HTTP/1.1
Header: Accept: */*
Header: Connection: keep-alive
Header: User-Agent: Java/21.0.1
Header: Host: localhost:8080
Header: Accept: */*
Header: Connection: keep-alive
]]></system-out>
  </testcase>
</testsuite>